# JRE version: OpenJDK Runtime Environment Temurin-21.0.10+7 (21.0.10+7) (build 21.0.10+7-LTS)
# Java VM: OpenJDK 64-Bit Server VM Temurin-21.0.10+7 (21.0.10+7-LTS, mixed mode, sharing, tiered, compressed oops, compressed class ptrs, parallel gc, windows-amd64)
GC Precious Log:
 CardTable entry size: 512
 CPUs: 8 total, 8 available
 Memory: 16258M
 Large Page Support: Disabled
 NUMA Support: Disabled
 Compressed Oops: Enabled (32-bit)
 Alignments: Space 512K, Generation 512K, Heap 2M
 Heap Min Capacity: 100M
 Heap Initial Capacity: 100M
 Heap Max Capacity: 2G
 Pre-touch: Disabled
 Parallel Workers: 8
Heap:
 PSYoungGen      total 3072K, used 2750K [0x00000000d5580000, 0x00000000d5980000, 0x0000000100000000)
  eden space 2560K, 94% used [0x00000000d5580000,0x00000000d57df9e0,0x00000000d5800000)
  from space 512K, 62% used [0x00000000d5900000,0x00000000d5950000,0x00000000d5980000)
  to   space 512K, 0% used [0x00000000d5880000,0x00000000d5880000,0x00000000d5900000)
 ParOldGen       total 1054720K, used 1054352K [0x0000000080000000, 0x00000000c0600000, 0x00000000d5580000)
  object space 1054720K, 99% used [0x0000000080000000,0x00000000c05a40e8,0x00000000c0600000)
 Metaspace       used 84962K, committed 86720K, reserved 1179648K
  class space    used 8818K, committed 9600K, reserved 1048576K
GC Heap History (20 events):
Event: 4343.360 GC heap before
{Heap before GC invocations=2584 (full 4):
 PSYoungGen      total 5632K, used 5216K [0x00000000d5580000, 0x00000000d6000000, 0x0000000100000000)
  eden space 2560K, 100% used [0x00000000d5580000,0x00000000d5800000,0x00000000d5800000)
  from space 3072K, 86% used [0x00000000d5d00000,0x00000000d5f98000,0x00000000d6000000)
  to   space 3584K, 0% used [0x00000000d5900000,0x00000000d5900000,0x00000000d5c80000)
 ParOldGen       total 1041920K, used 1041879K [0x0000000080000000, 0x00000000bf980000, 0x00000000d5580000)
  object space 1041920K, 99% used [0x0000000080000000,0x00000000bf975ca8,0x00000000bf980000)
 Metaspace       used 84907K, committed 86656K, reserved 1179648K
  class space    used 8817K, committed 9600K, reserved 1048576K
}
Event: 4343.365 GC heap after
{Heap after GC invocations=2584 (full 4):
 PSYoungGen      total 5632K, used 2656K [0x00000000d5580000, 0x00000000d5e00000, 0x0000000100000000)
  eden space 2560K, 0% used [0x00000000d5580000,0x00000000d5580000,0x00000000d5800000)
  from space 3072K, 86% used [0x00000000d5900000,0x00000000d5b98000,0x00000000d5c00000)
  to   space 2048K, 0% used [0x00000000d5c00000,0x00000000d5c00000,0x00000000d5e00000)
 ParOldGen       total 1044480K, used 1044471K [0x0000000080000000, 0x00000000bfc00000, 0x00000000d5580000)
  object space 1044480K, 99% used [0x0000000080000000,0x00000000bfbfdca8,0x00000000bfc00000)
 Metaspace       used 84907K, committed 86656K, reserved 1179648K
  class space    used 8817K, committed 9600K, reserved 1048576K
}
Event: 4343.413 GC heap before
{Heap before GC invocations=2585 (full 4):
 PSYoungGen      total 5632K, used 5111K [0x00000000d5580000, 0x00000000d5e00000, 0x0000000100000000)
  eden space 2560K, 95% used [0x00000000d5580000,0x00000000d57e5fe8,0x00000000d5800000)
  from space 3072K, 86% used [0x00000000d5900000,0x00000000d5b98000,0x00000000d5c00000)
  to   space 2048K, 0% used [0x00000000d5c00000,0x00000000d5c00000,0x00000000d5e00000)
 ParOldGen       total 1044480K, used 1044471K [0x0000000080000000, 0x00000000bfc00000, 0x00000000d5580000)
  object space 1044480K, 99% used [0x0000000080000000,0x00000000bfbfdca8,0x00000000bfc00000)
 Metaspace       used 84907K, committed 86656K, reserved 1179648K
  class space    used 8817K, committed 9600K, reserved 1048576K
}
Event: 4343.421 GC heap after
{Heap after GC invocations=2585 (full 4):
 PSYoungGen      total 3584K, used 2048K [0x00000000d5580000, 0x00000000d6200000, 0x0000000100000000)
  eden space 1536K, 0% used [0x00000000d5580000,0x00000000d5580000,0x00000000d5700000)
  from space 2048K, 100% used [0x00000000d5c00000,0x00000000d5e00000,0x00000000d5e00000)
  to   space 5120K, 0% used [0x00000000d5700000,0x00000000d5700000,0x00000000d5c00000)
 ParOldGen       total 1047552K, used 1047103K [0x0000000080000000, 0x00000000bff00000, 0x00000000d5580000)
  object space 1047552K, 99% used [0x0000000080000000,0x00000000bfe8fca8,0x00000000bff00000)
 Metaspace       used 84907K, committed 86656K, reserved 1179648K
  class space    used 8817K, committed 9600K, reserved 1048576K
}
Event: 4343.483 GC heap before
{Heap before GC invocations=2586 (full 4):
 PSYoungGen      total 3584K, used 3002K [0x00000000d5580000, 0x00000000d6200000, 0x0000000100000000)
  eden space 1536K, 62% used [0x00000000d5580000,0x00000000d566ea10,0x00000000d5700000)
  from space 2048K, 100% used [0x00000000d5c00000,0x00000000d5e00000,0x00000000d5e00000)
  to   space 5120K, 0% used [0x00000000d5700000,0x00000000d5700000,0x00000000d5c00000)
 ParOldGen       total 1047552K, used 1047103K [0x0000000080000000, 0x00000000bff00000, 0x00000000d5580000)
  object space 1047552K, 99% used [0x0000000080000000,0x00000000bfe8fca8,0x00000000bff00000)
 Metaspace       used 84907K, committed 86656K, reserved 1179648K
  class space    used 8817K, committed 9600K, reserved 1048576K
}
Event: 4343.491 GC heap after
{Heap after GC invocations=2586 (full 4):
 PSYoungGen      total 3072K, used 1040K [0x00000000d5580000, 0x00000000d5c80000, 0x0000000100000000)
  eden space 1536K, 0% used [0x00000000d5580000,0x00000000d5580000,0x00000000d5700000)
  from space 1536K, 67% used [0x00000000d5700000,0x00000000d5804000,0x00000000d5880000)
  to   space 2560K, 0% used [0x00000000d5a00000,0x00000000d5a00000,0x00000000d5c80000)
 ParOldGen       total 1049088K, used 1048807K [0x0000000080000000, 0x00000000c0080000, 0x00000000d5580000)
  object space 1049088K, 99% used [0x0000000080000000,0x00000000c0039ca8,0x00000000c0080000)
 Metaspace       used 84907K, committed 86656K, reserved 1179648K
  class space    used 8817K, committed 9600K, reserved 1048576K
}
Event: 4343.542 GC heap before
{Heap before GC invocations=2587 (full 4):
 PSYoungGen      total 3072K, used 2575K [0x00000000d5580000, 0x00000000d5c80000, 0x0000000100000000)
  eden space 1536K, 99% used [0x00000000d5580000,0x00000000d56ffff0,0x00000000d5700000)
  from space 1536K, 67% used [0x00000000d5700000,0x00000000d5804000,0x00000000d5880000)
  to   space 2560K, 0% used [0x00000000d5a00000,0x00000000d5a00000,0x00000000d5c80000)
 ParOldGen       total 1049088K, used 1048807K [0x0000000080000000, 0x00000000c0080000, 0x00000000d5580000)
  object space 1049088K, 99% used [0x0000000080000000,0x00000000c0039ca8,0x00000000c0080000)
 Metaspace       used 84907K, committed 86656K, reserved 1179648K
  class space    used 8817K, committed 9600K, reserved 1048576K
}
Event: 4343.547 GC heap after
{Heap after GC invocations=2587 (full 4):
 PSYoungGen      total 4096K, used 2336K [0x00000000d5580000, 0x00000000d5d00000, 0x0000000100000000)
  eden space 1536K, 0% used [0x00000000d5580000,0x00000000d5580000,0x00000000d5700000)
  from space 2560K, 91% used [0x00000000d5a00000,0x00000000d5c48000,0x00000000d5c80000)
  to   space 3072K, 0% used [0x00000000d5700000,0x00000000d5700000,0x00000000d5a00000)
 ParOldGen       total 1050112K, used 1050095K [0x0000000080000000, 0x00000000c0180000, 0x00000000d5580000)
  object space 1050112K, 99% used [0x0000000080000000,0x00000000c017bca8,0x00000000c0180000)
 Metaspace       used 84907K, committed 86656K, reserved 1179648K
  class space    used 8817K, committed 9600K, reserved 1048576K
}
Event: 4343.555 GC heap before
{Heap before GC invocations=2588 (full 4):
 PSYoungGen      total 4096K, used 3872K [0x00000000d5580000, 0x00000000d5d00000, 0x0000000100000000)
  eden space 1536K, 100% used [0x00000000d5580000,0x00000000d5700000,0x00000000d5700000)
  from space 2560K, 91% used [0x00000000d5a00000,0x00000000d5c48000,0x00000000d5c80000)
  to   space 3072K, 0% used [0x00000000d5700000,0x00000000d5700000,0x00000000d5a00000)
 ParOldGen       total 1050112K, used 1050095K [0x0000000080000000, 0x00000000c0180000, 0x00000000d5580000)
  object space 1050112K, 99% used [0x0000000080000000,0x00000000c017bca8,0x00000000c0180000)
 Metaspace       used 84907K, committed 86656K, reserved 1179648K
  class space    used 8817K, committed 9600K, reserved 1048576K
}
Event: 4343.560 GC heap after
{Heap after GC invocations=2588 (full 4):
 PSYoungGen      total 2048K, used 400K [0x00000000d5580000, 0x00000000d5a80000, 0x0000000100000000)
  eden space 1536K, 0% used [0x00000000d5580000,0x00000000d5580000,0x00000000d5700000)
  from space 512K, 78% used [0x00000000d5700000,0x00000000d5764010,0x00000000d5780000)
  to   space 1536K, 0% used [0x00000000d5900000,0x00000000d5900000,0x00000000d5a80000)
 ParOldGen       total 1053696K, used 1052923K [0x0000000080000000, 0x00000000c0500000, 0x00000000d5580000)
  object space 1053696K, 99% used [0x0000000080000000,0x00000000c043eea8,0x00000000c0500000)
 Metaspace       used 84907K, committed 86656K, reserved 1179648K
  class space    used 8817K, committed 9600K, reserved 1048576K
}
Event: 4343.566 GC heap before
{Heap before GC invocations=2589 (full 4):
 PSYoungGen      total 2048K, used 1935K [0x00000000d5580000, 0x00000000d5a80000, 0x0000000100000000)
  eden space 1536K, 99% used [0x00000000d5580000,0x00000000d56fffc8,0x00000000d5700000)
  from space 512K, 78% used [0x00000000d5700000,0x00000000d5764010,0x00000000d5780000)
  to   space 1536K, 0% used [0x00000000d5900000,0x00000000d5900000,0x00000000d5a80000)
 ParOldGen       total 1053696K, used 1052923K [0x0000000080000000, 0x00000000c0500000, 0x00000000d5580000)
  object space 1053696K, 99% used [0x0000000080000000,0x00000000c043eea8,0x00000000c0500000)
 Metaspace       used 84907K, committed 86656K, reserved 1179648K
  class space    used 8817K, committed 9600K, reserved 1048576K
}
Event: 4343.570 GC heap after
{Heap after GC invocations=2589 (full 4):
 PSYoungGen      total 2560K, used 224K [0x00000000d5580000, 0x00000000d5980000, 0x0000000100000000)
  eden space 2048K, 0% used [0x00000000d5580000,0x00000000d5580000,0x00000000d5780000)
  from space 512K, 43% used [0x00000000d5900000,0x00000000d5938000,0x00000000d5980000)
  to   space 512K, 0% used [0x00000000d5880000,0x00000000d5880000,0x00000000d5900000)
 ParOldGen       total 1053696K, used 1053211K [0x0000000080000000, 0x00000000c0500000, 0x00000000d5580000)
  object space 1053696K, 99% used [0x0000000080000000,0x00000000c0486eb8,0x00000000c0500000)
 Metaspace       used 84907K, committed 86656K, reserved 1179648K
  class space    used 8817K, committed 9600K, reserved 1048576K
}
Event: 4343.580 GC heap before
{Heap before GC invocations=2590 (full 4):
 PSYoungGen      total 2560K, used 2272K [0x00000000d5580000, 0x00000000d5980000, 0x0000000100000000)
  eden space 2048K, 100% used [0x00000000d5580000,0x00000000d5780000,0x00000000d5780000)
  from space 512K, 43% used [0x00000000d5900000,0x00000000d5938000,0x00000000d5980000)
  to   space 512K, 0% used [0x00000000d5880000,0x00000000d5880000,0x00000000d5900000)
 ParOldGen       total 1053696K, used 1053211K [0x0000000080000000, 0x00000000c0500000, 0x00000000d5580000)
  object space 1053696K, 99% used [0x0000000080000000,0x00000000c0486eb8,0x00000000c0500000)
 Metaspace       used 84907K, committed 86656K, reserved 1179648K
  class space    used 8817K, committed 9600K, reserved 1048576K
}
Event: 4343.582 GC heap after
{Heap after GC invocations=2590 (full 4):
 PSYoungGen      total 3072K, used 320K [0x00000000d5580000, 0x00000000d5980000, 0x0000000100000000)
  eden space 2560K, 0% used [0x00000000d5580000,0x00000000d5580000,0x00000000d5800000)
  from space 512K, 62% used [0x00000000d5880000,0x00000000d58d0000,0x00000000d5900000)
  to   space 512K, 0% used [0x00000000d5900000,0x00000000d5900000,0x00000000d5980000)
 ParOldGen       total 1053696K, used 1053331K [0x0000000080000000, 0x00000000c0500000, 0x00000000d5580000)
  object space 1053696K, 99% used [0x0000000080000000,0x00000000c04a4eb8,0x00000000c0500000)
 Metaspace       used 84907K, committed 86656K, reserved 1179648K
  class space    used 8817K, committed 9600K, reserved 1048576K
}
Event: 4343.609 GC heap before
{Heap before GC invocations=2591 (full 4):
 PSYoungGen      total 3072K, used 2880K [0x00000000d5580000, 0x00000000d5980000, 0x0000000100000000)
  eden space 2560K, 100% used [0x00000000d5580000,0x00000000d5800000,0x00000000d5800000)
  from space 512K, 62% used [0x00000000d5880000,0x00000000d58d0000,0x00000000d5900000)
  to   space 512K, 0% used [0x00000000d5900000,0x00000000d5900000,0x00000000d5980000)
 ParOldGen       total 1053696K, used 1053331K [0x0000000080000000, 0x00000000c0500000, 0x00000000d5580000)
  object space 1053696K, 99% used [0x0000000080000000,0x00000000c04a4eb8,0x00000000c0500000)
 Metaspace       used 84922K, committed 86656K, reserved 1179648K
  class space    used 8817K, committed 9600K, reserved 1048576K
}
Event: 4343.613 GC heap after
{Heap after GC invocations=2591 (full 4):
 PSYoungGen      total 3072K, used 500K [0x00000000d5580000, 0x00000000d5a00000, 0x0000000100000000)
  eden space 2560K, 0% used [0x00000000d5580000,0x00000000d5580000,0x00000000d5800000)
  from space 512K, 97% used [0x00000000d5900000,0x00000000d597d200,0x00000000d5980000)
  to   space 1024K, 0% used [0x00000000d5800000,0x00000000d5800000,0x00000000d5900000)
 ParOldGen       total 1053696K, used 1053539K [0x0000000080000000, 0x00000000c0500000, 0x00000000d5580000)
  object space 1053696K, 99% used [0x0000000080000000,0x00000000c04d8ed8,0x00000000c0500000)
 Metaspace       used 84922K, committed 86656K, reserved 1179648K
  class space    used 8817K, committed 9600K, reserved 1048576K
}
Event: 4343.622 GC heap before
{Heap before GC invocations=2592 (full 4):
 PSYoungGen      total 3072K, used 3060K [0x00000000d5580000, 0x00000000d5a00000, 0x0000000100000000)
  eden space 2560K, 100% used [0x00000000d5580000,0x00000000d5800000,0x00000000d5800000)
  from space 512K, 97% used [0x00000000d5900000,0x00000000d597d200,0x00000000d5980000)
  to   space 1024K, 0% used [0x00000000d5800000,0x00000000d5800000,0x00000000d5900000)
 ParOldGen       total 1053696K, used 1053539K [0x0000000080000000, 0x00000000c0500000, 0x00000000d5580000)
  object space 1053696K, 99% used [0x0000000080000000,0x00000000c04d8ed8,0x00000000c0500000)
 Metaspace       used 84922K, committed 86656K, reserved 1179648K
  class space    used 8817K, committed 9600K, reserved 1048576K
}
Event: 4343.624 GC heap after
{Heap after GC invocations=2592 (full 4):
 PSYoungGen      total 3584K, used 512K [0x00000000d5580000, 0x00000000d5a00000, 0x0000000100000000)
  eden space 2560K, 0% used [0x00000000d5580000,0x00000000d5580000,0x00000000d5800000)
  from space 1024K, 50% used [0x00000000d5800000,0x00000000d5880000,0x00000000d5900000)
  to   space 1024K, 0% used [0x00000000d5900000,0x00000000d5900000,0x00000000d5a00000)
 ParOldGen       total 1054208K, used 1053936K [0x0000000080000000, 0x00000000c0580000, 0x00000000d5580000)
  object space 1054208K, 99% used [0x0000000080000000,0x00000000c053c0e8,0x00000000c0580000)
 Metaspace       used 84922K, committed 86656K, reserved 1179648K
  class space    used 8817K, committed 9600K, reserved 1048576K
}
Event: 4343.638 GC heap before
{Heap before GC invocations=2593 (full 4):
 PSYoungGen      total 3584K, used 3072K [0x00000000d5580000, 0x00000000d5a00000, 0x0000000100000000)
  eden space 2560K, 100% used [0x00000000d5580000,0x00000000d5800000,0x00000000d5800000)
  from space 1024K, 50% used [0x00000000d5800000,0x00000000d5880000,0x00000000d5900000)
  to   space 1024K, 0% used [0x00000000d5900000,0x00000000d5900000,0x00000000d5a00000)
 ParOldGen       total 1054208K, used 1053936K [0x0000000080000000, 0x00000000c0580000, 0x00000000d5580000)
  object space 1054208K, 99% used [0x0000000080000000,0x00000000c053c0e8,0x00000000c0580000)
 Metaspace       used 84922K, committed 86656K, reserved 1179648K
  class space    used 8817K, committed 9600K, reserved 1048576K
}
Event: 4343.640 GC heap after
{Heap after GC invocations=2593 (full 4):
 PSYoungGen      total 3072K, used 320K [0x00000000d5580000, 0x00000000d5980000, 0x0000000100000000)
  eden space 2560K, 0% used [0x00000000d5580000,0x00000000d5580000,0x00000000d5800000)
  from space 512K, 62% used [0x00000000d5900000,0x00000000d5950000,0x00000000d5980000)
  to   space 512K, 0% used [0x00000000d5880000,0x00000000d5880000,0x00000000d5900000)
 ParOldGen       total 1054720K, used 1054352K [0x0000000080000000, 0x00000000c0600000, 0x00000000d5580000)
  object space 1054720K, 99% used [0x0000000080000000,0x00000000c05a40e8,0x00000000c0600000)
 Metaspace       used 84922K, committed 86656K, reserved 1179648K
  class space    used 8817K, committed 9600K, reserved 1048576K
}

